<?xml version="1.0" encoding="utf-8" standalone="no"?>
<test-run id="2" testcasecount="9" result="Failed" total="9" passed="0" failed="9" inconclusive="0" skipped="0" asserts="9" engine-version="3.8.0.0" clr-version="4.0.30319.42000" start-time="2018-08-03 05:11:19Z" end-time="2018-08-03 05:12:02Z" duration="42.963495">
  <command-line><![CDATA[nunit3-console.exe  C:\Users\ramon\source\repos\SeleniumGridTest\SeleniumGridTest.UI.Tests\bin\Debug\SeleniumGridTest.UI.Tests.dll]]></command-line>
  <test-suite type="Assembly" id="0-1012" name="SeleniumGridTest.UI.Tests.dll" fullname="C:\Users\ramon\source\repos\SeleniumGridTest\SeleniumGridTest.UI.Tests\bin\Debug\SeleniumGridTest.UI.Tests.dll" runstate="Runnable" testcasecount="9" result="Failed" site="Child" start-time="2018-08-03 05:11:21Z" end-time="2018-08-03 05:12:02Z" duration="41.538861" total="9" passed="0" failed="9" warnings="0" inconclusive="0" skipped="0" asserts="9">
    <environment framework-version="3.10.1.0" clr-version="4.0.30319.42000" os-version="Microsoft Windows NT 10.0.17134.0" platform="Win32NT" cwd="C:\Users\ramon\source\repos\SeleniumGridTest\packages\NUnit.ConsoleRunner.3.8.0\tools" machine-name="DESKTOP-OP7L43M" user="ramon" user-domain="DESKTOP-OP7L43M" culture="pt-BR" uiculture="pt-BR" os-architecture="x64" />
    <settings>
      <setting name="DisposeRunners" value="True" />
      <setting name="WorkDirectory" value="C:\Users\ramon\source\repos\SeleniumGridTest\packages\NUnit.ConsoleRunner.3.8.0\tools" />
      <setting name="ImageRuntimeVersion" value="4.0.30319" />
      <setting name="ImageTargetFrameworkName" value=".NETFramework,Version=v4.6.1" />
      <setting name="ImageRequiresX86" value="False" />
      <setting name="ImageRequiresDefaultAppDomainAssemblyResolver" value="False" />
      <setting name="NumberOfTestWorkers" value="4" />
    </settings>
    <properties>
      <property name="ParallelScope" value="Fixtures" />
      <property name="LevelOfParallelism" value="5" />
      <property name="_PID" value="16664" />
      <property name="_APPDOMAIN" value="domain-" />
    </properties>
    <failure>
      <message><![CDATA[One or more child tests had errors]]></message>
    </failure>
    <test-suite type="TestSuite" id="0-1013" name="SeleniumGridTest" fullname="SeleniumGridTest" runstate="Runnable" testcasecount="9" result="Failed" site="Child" start-time="2018-08-03 05:11:21Z" end-time="2018-08-03 05:12:02Z" duration="41.506353" total="9" passed="0" failed="9" warnings="0" inconclusive="0" skipped="0" asserts="9">
      <failure>
        <message><![CDATA[One or more child tests had errors]]></message>
      </failure>
      <test-suite type="TestSuite" id="0-1014" name="UI" fullname="SeleniumGridTest.UI" runstate="Runnable" testcasecount="9" result="Failed" site="Child" start-time="2018-08-03 05:11:21Z" end-time="2018-08-03 05:12:02Z" duration="41.498135" total="9" passed="0" failed="9" warnings="0" inconclusive="0" skipped="0" asserts="9">
        <failure>
          <message><![CDATA[One or more child tests had errors]]></message>
        </failure>
        <test-suite type="TestSuite" id="0-1015" name="Tests" fullname="SeleniumGridTest.UI.Tests" runstate="Runnable" testcasecount="9" result="Failed" site="Child" start-time="2018-08-03 05:11:21Z" end-time="2018-08-03 05:12:02Z" duration="41.489025" total="9" passed="0" failed="9" warnings="0" inconclusive="0" skipped="0" asserts="9">
          <failure>
            <message><![CDATA[One or more child tests had errors]]></message>
          </failure>
          <test-suite type="TestSuite" id="0-1016" name="Tests" fullname="SeleniumGridTest.UI.Tests.Tests" runstate="Runnable" testcasecount="9" result="Failed" site="Child" start-time="2018-08-03 05:11:21Z" end-time="2018-08-03 05:12:02Z" duration="41.483908" total="9" passed="0" failed="9" warnings="0" inconclusive="0" skipped="0" asserts="9">
            <failure>
              <message><![CDATA[One or more child tests had errors]]></message>
            </failure>
            <test-suite type="TestFixture" id="0-1008" name="GoogleTestCaseSuccess" fullname="SeleniumGridTest.UI.Tests.Tests.GoogleTestCaseSuccess" classname="SeleniumGridTest.UI.Tests.Tests.GoogleTestCaseSuccess" runstate="Runnable" testcasecount="3" result="Failed" site="Child" start-time="2018-08-03 05:11:21Z" end-time="2018-08-03 05:11:59Z" duration="38.378221" total="3" passed="0" failed="3" warnings="0" inconclusive="0" skipped="0" asserts="3">
              <properties>
                <property name="ParallelScope" value="Self" />
              </properties>
              <failure>
                <message><![CDATA[One or more child tests had errors]]></message>
              </failure>
              <test-case id="0-1009" name="FindGooglePageSuccess7" fullname="SeleniumGridTest.UI.Tests.Tests.GoogleTestCaseSuccess.FindGooglePageSuccess7" methodname="FindGooglePageSuccess7" classname="SeleniumGridTest.UI.Tests.Tests.GoogleTestCaseSuccess" runstate="Runnable" seed="496739230" result="Failed" label="Error" start-time="2018-08-03 05:11:35Z" end-time="2018-08-03 05:11:50Z" duration="15.004071" asserts="1">
                <properties>
                  <property name="Description" value="Desc" />
                  <property name="Category" value="Parallel" />
                </properties>
                <failure>
                  <message><![CDATA[TearDown : Microsoft.CSharp.RuntimeBinder.RuntimeBinderException : Não é possível fazer associação em tempo de execução em uma referência nula]]></message>
                  <stack-trace><![CDATA[--TearDown
   em CallSite.Target(Closure , CallSite , Object , String )
   em System.Dynamic.UpdateDelegates.UpdateAndExecute2[T0,T1,TRet](CallSite site, T0 arg0, T1 arg1)
   em CompiledRazorTemplates.Dynamic.RazorEngine_4287f0abba3e4318aa9d3b8b9fb089d3.Execute()
   em RazorEngine.Templating.TemplateBase.RazorEngine.Templating.ITemplate.Run(ExecuteContext context, TextWriter reader)
   em CompiledRazorTemplates.Dynamic.RazorEngine_fb0003a95ead468eac633f9a5efacc7f.Execute()
   em RazorEngine.Templating.TemplateBase.RazorEngine.Templating.ITemplate.Run(ExecuteContext context, TextWriter reader)
   em RazorEngine.Templating.RazorEngineService.RunCompile(ITemplateKey key, TextWriter writer, Type modelType, Object model, DynamicViewBag viewBag)
   em RazorEngine.Templating.RazorEngineServiceExtensions.<>c__DisplayClass16_0.<RunCompile>b__0(TextWriter writer)
   em RazorEngine.Templating.RazorEngineServiceExtensions.WithWriter(Action`1 withWriter)
   em AventStack.ExtentReports.Reporter.ExtentHtmlReporter.Flush()
   em AventStack.ExtentReports.Model.Report.<>c.<NotifyReporters>b__29_1(IExtentReporter x)
   em System.Collections.Generic.List`1.ForEach(Action`1 action)
   em AventStack.ExtentReports.Model.Report.NotifyReporters()
   em AventStack.ExtentReports.Model.Report.Flush()
   em AventStack.ExtentReports.ExtentReports.Flush()
   em SeleniumGridTest.AdvancedReport.Reporter.GenerateReport() na C:\Users\ramon\source\repos\SeleniumGridTest\SeleniumGridTest\AdvancedReport\Reporter.cs:linha 95
   em SeleniumGridTest.UI.Tests.TestBase.BaseTest.TearDownTest() na C:\Users\ramon\source\repos\SeleniumGridTest\SeleniumGridTest.UI.Tests\TestBase\BaseTest.cs:linha 46]]></stack-trace>
                </failure>
                <output><![CDATA[SeleniumGridTest.UI.Tests.Tests.GoogleTestCaseSuccess.FindGooglePageSuccess7
]]></output>
              </test-case>
              <test-case id="0-1010" name="FindGooglePageSuccess8" fullname="SeleniumGridTest.UI.Tests.Tests.GoogleTestCaseSuccess.FindGooglePageSuccess8" methodname="FindGooglePageSuccess8" classname="SeleniumGridTest.UI.Tests.Tests.GoogleTestCaseSuccess" runstate="Runnable" seed="337317870" result="Failed" label="Error" start-time="2018-08-03 05:11:50Z" end-time="2018-08-03 05:11:55Z" duration="5.317142" asserts="1">
                <properties>
                  <property name="Description" value="Desc" />
                  <property name="Category" value="Parallel" />
                </properties>
                <failure>
                  <message><![CDATA[TearDown : Microsoft.CSharp.RuntimeBinder.RuntimeBinderException : Não é possível fazer associação em tempo de execução em uma referência nula]]></message>
                  <stack-trace><![CDATA[--TearDown
   em CallSite.Target(Closure , CallSite , Object , String )
   em CompiledRazorTemplates.Dynamic.RazorEngine_4287f0abba3e4318aa9d3b8b9fb089d3.Execute()
   em RazorEngine.Templating.TemplateBase.RazorEngine.Templating.ITemplate.Run(ExecuteContext context, TextWriter reader)
   em CompiledRazorTemplates.Dynamic.RazorEngine_fb0003a95ead468eac633f9a5efacc7f.Execute()
   em RazorEngine.Templating.TemplateBase.RazorEngine.Templating.ITemplate.Run(ExecuteContext context, TextWriter reader)
   em RazorEngine.Templating.RazorEngineService.RunCompile(ITemplateKey key, TextWriter writer, Type modelType, Object model, DynamicViewBag viewBag)
   em RazorEngine.Templating.RazorEngineServiceExtensions.<>c__DisplayClass16_0.<RunCompile>b__0(TextWriter writer)
   em RazorEngine.Templating.RazorEngineServiceExtensions.WithWriter(Action`1 withWriter)
   em AventStack.ExtentReports.Reporter.ExtentHtmlReporter.Flush()
   em AventStack.ExtentReports.Model.Report.<>c.<NotifyReporters>b__29_1(IExtentReporter x)
   em System.Collections.Generic.List`1.ForEach(Action`1 action)
   em AventStack.ExtentReports.Model.Report.NotifyReporters()
   em AventStack.ExtentReports.Model.Report.Flush()
   em AventStack.ExtentReports.ExtentReports.Flush()
   em SeleniumGridTest.AdvancedReport.Reporter.GenerateReport() na C:\Users\ramon\source\repos\SeleniumGridTest\SeleniumGridTest\AdvancedReport\Reporter.cs:linha 95
   em SeleniumGridTest.UI.Tests.TestBase.BaseTest.TearDownTest() na C:\Users\ramon\source\repos\SeleniumGridTest\SeleniumGridTest.UI.Tests\TestBase\BaseTest.cs:linha 46]]></stack-trace>
                </failure>
                <output><![CDATA[SeleniumGridTest.UI.Tests.Tests.GoogleTestCaseSuccess.FindGooglePageSuccess8
]]></output>
              </test-case>
              <test-case id="0-1011" name="FindGooglePageSuccess9" fullname="SeleniumGridTest.UI.Tests.Tests.GoogleTestCaseSuccess.FindGooglePageSuccess9" methodname="FindGooglePageSuccess9" classname="SeleniumGridTest.UI.Tests.Tests.GoogleTestCaseSuccess" runstate="Runnable" seed="1037241038" result="Failed" label="Error" start-time="2018-08-03 05:11:55Z" end-time="2018-08-03 05:11:59Z" duration="3.989677" asserts="1">
                <properties>
                  <property name="Description" value="Desc" />
                  <property name="Category" value="Parallel" />
                </properties>
                <failure>
                  <message><![CDATA[TearDown : Microsoft.CSharp.RuntimeBinder.RuntimeBinderException : Não é possível fazer associação em tempo de execução em uma referência nula]]></message>
                  <stack-trace><![CDATA[--TearDown
   em CallSite.Target(Closure , CallSite , Object , String )
   em CompiledRazorTemplates.Dynamic.RazorEngine_4287f0abba3e4318aa9d3b8b9fb089d3.Execute()
   em RazorEngine.Templating.TemplateBase.RazorEngine.Templating.ITemplate.Run(ExecuteContext context, TextWriter reader)
   em CompiledRazorTemplates.Dynamic.RazorEngine_fb0003a95ead468eac633f9a5efacc7f.Execute()
   em RazorEngine.Templating.TemplateBase.RazorEngine.Templating.ITemplate.Run(ExecuteContext context, TextWriter reader)
   em RazorEngine.Templating.RazorEngineService.RunCompile(ITemplateKey key, TextWriter writer, Type modelType, Object model, DynamicViewBag viewBag)
   em RazorEngine.Templating.RazorEngineServiceExtensions.<>c__DisplayClass16_0.<RunCompile>b__0(TextWriter writer)
   em RazorEngine.Templating.RazorEngineServiceExtensions.WithWriter(Action`1 withWriter)
   em AventStack.ExtentReports.Reporter.ExtentHtmlReporter.Flush()
   em AventStack.ExtentReports.Model.Report.<>c.<NotifyReporters>b__29_1(IExtentReporter x)
   em System.Collections.Generic.List`1.ForEach(Action`1 action)
   em AventStack.ExtentReports.Model.Report.NotifyReporters()
   em AventStack.ExtentReports.Model.Report.Flush()
   em AventStack.ExtentReports.ExtentReports.Flush()
   em SeleniumGridTest.AdvancedReport.Reporter.GenerateReport() na C:\Users\ramon\source\repos\SeleniumGridTest\SeleniumGridTest\AdvancedReport\Reporter.cs:linha 95
   em SeleniumGridTest.UI.Tests.TestBase.BaseTest.TearDownTest() na C:\Users\ramon\source\repos\SeleniumGridTest\SeleniumGridTest.UI.Tests\TestBase\BaseTest.cs:linha 46]]></stack-trace>
                </failure>
                <output><![CDATA[SeleniumGridTest.UI.Tests.Tests.GoogleTestCaseSuccess.FindGooglePageSuccess9
]]></output>
              </test-case>
            </test-suite>
            <test-suite type="TestFixture" id="0-1004" name="GoogleTestCaseFail" fullname="SeleniumGridTest.UI.Tests.Tests.GoogleTestCaseFail" classname="SeleniumGridTest.UI.Tests.Tests.GoogleTestCaseFail" runstate="Runnable" testcasecount="3" result="Failed" site="Child" start-time="2018-08-03 05:11:21Z" end-time="2018-08-03 05:11:59Z" duration="38.413575" total="3" passed="0" failed="3" warnings="0" inconclusive="0" skipped="0" asserts="3">
              <properties>
                <property name="ParallelScope" value="Self" />
              </properties>
              <failure>
                <message><![CDATA[One or more child tests had errors]]></message>
              </failure>
              <test-case id="0-1005" name="FindGooglePageSuccess4" fullname="SeleniumGridTest.UI.Tests.Tests.GoogleTestCaseFail.FindGooglePageSuccess4" methodname="FindGooglePageSuccess4" classname="SeleniumGridTest.UI.Tests.Tests.GoogleTestCaseFail" runstate="Runnable" seed="392089829" result="Failed" label="Error" start-time="2018-08-03 05:11:35Z" end-time="2018-08-03 05:11:50Z" duration="15.002314" asserts="1">
                <properties>
                  <property name="Description" value="Desc" />
                  <property name="Category" value="SmokeTest" />
                </properties>
                <failure>
                  <message><![CDATA[TearDown : Microsoft.CSharp.RuntimeBinder.RuntimeBinderException : Não é possível fazer associação em tempo de execução em uma referência nula]]></message>
                  <stack-trace><![CDATA[--TearDown
   em CallSite.Target(Closure , CallSite , Object , String )
   em CompiledRazorTemplates.Dynamic.RazorEngine_4287f0abba3e4318aa9d3b8b9fb089d3.Execute()
   em RazorEngine.Templating.TemplateBase.RazorEngine.Templating.ITemplate.Run(ExecuteContext context, TextWriter reader)
   em CompiledRazorTemplates.Dynamic.RazorEngine_fb0003a95ead468eac633f9a5efacc7f.Execute()
   em RazorEngine.Templating.TemplateBase.RazorEngine.Templating.ITemplate.Run(ExecuteContext context, TextWriter reader)
   em RazorEngine.Templating.RazorEngineService.RunCompile(ITemplateKey key, TextWriter writer, Type modelType, Object model, DynamicViewBag viewBag)
   em RazorEngine.Templating.RazorEngineServiceExtensions.<>c__DisplayClass16_0.<RunCompile>b__0(TextWriter writer)
   em RazorEngine.Templating.RazorEngineServiceExtensions.WithWriter(Action`1 withWriter)
   em AventStack.ExtentReports.Reporter.ExtentHtmlReporter.Flush()
   em AventStack.ExtentReports.Model.Report.<>c.<NotifyReporters>b__29_1(IExtentReporter x)
   em System.Collections.Generic.List`1.ForEach(Action`1 action)
   em AventStack.ExtentReports.Model.Report.NotifyReporters()
   em AventStack.ExtentReports.Model.Report.Flush()
   em AventStack.ExtentReports.ExtentReports.Flush()
   em SeleniumGridTest.AdvancedReport.Reporter.GenerateReport() na C:\Users\ramon\source\repos\SeleniumGridTest\SeleniumGridTest\AdvancedReport\Reporter.cs:linha 95
   em SeleniumGridTest.UI.Tests.TestBase.BaseTest.TearDownTest() na C:\Users\ramon\source\repos\SeleniumGridTest\SeleniumGridTest.UI.Tests\TestBase\BaseTest.cs:linha 46]]></stack-trace>
                </failure>
                <output><![CDATA[SeleniumGridTest.UI.Tests.Tests.GoogleTestCaseFail.FindGooglePageSuccess4
]]></output>
              </test-case>
              <test-case id="0-1006" name="FindGooglePageSuccess5" fullname="SeleniumGridTest.UI.Tests.Tests.GoogleTestCaseFail.FindGooglePageSuccess5" methodname="FindGooglePageSuccess5" classname="SeleniumGridTest.UI.Tests.Tests.GoogleTestCaseFail" runstate="Runnable" seed="861187756" result="Failed" label="Error" start-time="2018-08-03 05:11:50Z" end-time="2018-08-03 05:11:55Z" duration="4.802305" asserts="1">
                <properties>
                  <property name="Description" value="Desc" />
                  <property name="Category" value="SmokeTest" />
                </properties>
                <failure>
                  <message><![CDATA[TearDown : Microsoft.CSharp.RuntimeBinder.RuntimeBinderException : Não é possível fazer associação em tempo de execução em uma referência nula]]></message>
                  <stack-trace><![CDATA[--TearDown
   em CallSite.Target(Closure , CallSite , Object , String )
   em CompiledRazorTemplates.Dynamic.RazorEngine_4287f0abba3e4318aa9d3b8b9fb089d3.Execute()
   em RazorEngine.Templating.TemplateBase.RazorEngine.Templating.ITemplate.Run(ExecuteContext context, TextWriter reader)
   em CompiledRazorTemplates.Dynamic.RazorEngine_fb0003a95ead468eac633f9a5efacc7f.Execute()
   em RazorEngine.Templating.TemplateBase.RazorEngine.Templating.ITemplate.Run(ExecuteContext context, TextWriter reader)
   em RazorEngine.Templating.RazorEngineService.RunCompile(ITemplateKey key, TextWriter writer, Type modelType, Object model, DynamicViewBag viewBag)
   em RazorEngine.Templating.RazorEngineServiceExtensions.<>c__DisplayClass16_0.<RunCompile>b__0(TextWriter writer)
   em RazorEngine.Templating.RazorEngineServiceExtensions.WithWriter(Action`1 withWriter)
   em AventStack.ExtentReports.Reporter.ExtentHtmlReporter.Flush()
   em AventStack.ExtentReports.Model.Report.<>c.<NotifyReporters>b__29_1(IExtentReporter x)
   em System.Collections.Generic.List`1.ForEach(Action`1 action)
   em AventStack.ExtentReports.Model.Report.NotifyReporters()
   em AventStack.ExtentReports.Model.Report.Flush()
   em AventStack.ExtentReports.ExtentReports.Flush()
   em SeleniumGridTest.AdvancedReport.Reporter.GenerateReport() na C:\Users\ramon\source\repos\SeleniumGridTest\SeleniumGridTest\AdvancedReport\Reporter.cs:linha 95
   em SeleniumGridTest.UI.Tests.TestBase.BaseTest.TearDownTest() na C:\Users\ramon\source\repos\SeleniumGridTest\SeleniumGridTest.UI.Tests\TestBase\BaseTest.cs:linha 46]]></stack-trace>
                </failure>
                <output><![CDATA[SeleniumGridTest.UI.Tests.Tests.GoogleTestCaseFail.FindGooglePageSuccess5
]]></output>
              </test-case>
              <test-case id="0-1007" name="FindGooglePageSuccess6" fullname="SeleniumGridTest.UI.Tests.Tests.GoogleTestCaseFail.FindGooglePageSuccess6" methodname="FindGooglePageSuccess6" classname="SeleniumGridTest.UI.Tests.Tests.GoogleTestCaseFail" runstate="Runnable" seed="163464819" result="Failed" label="Error" start-time="2018-08-03 05:11:55Z" end-time="2018-08-03 05:11:59Z" duration="4.495894" asserts="1">
                <properties>
                  <property name="Description" value="Desc" />
                  <property name="Category" value="SmokeTest" />
                </properties>
                <failure>
                  <message><![CDATA[TearDown : Microsoft.CSharp.RuntimeBinder.RuntimeBinderException : Não é possível fazer associação em tempo de execução em uma referência nula]]></message>
                  <stack-trace><![CDATA[--TearDown
   em CallSite.Target(Closure , CallSite , Object , String )
   em CompiledRazorTemplates.Dynamic.RazorEngine_4287f0abba3e4318aa9d3b8b9fb089d3.Execute()
   em RazorEngine.Templating.TemplateBase.RazorEngine.Templating.ITemplate.Run(ExecuteContext context, TextWriter reader)
   em CompiledRazorTemplates.Dynamic.RazorEngine_fb0003a95ead468eac633f9a5efacc7f.Execute()
   em RazorEngine.Templating.TemplateBase.RazorEngine.Templating.ITemplate.Run(ExecuteContext context, TextWriter reader)
   em RazorEngine.Templating.RazorEngineService.RunCompile(ITemplateKey key, TextWriter writer, Type modelType, Object model, DynamicViewBag viewBag)
   em RazorEngine.Templating.RazorEngineServiceExtensions.<>c__DisplayClass16_0.<RunCompile>b__0(TextWriter writer)
   em RazorEngine.Templating.RazorEngineServiceExtensions.WithWriter(Action`1 withWriter)
   em AventStack.ExtentReports.Reporter.ExtentHtmlReporter.Flush()
   em AventStack.ExtentReports.Model.Report.<>c.<NotifyReporters>b__29_1(IExtentReporter x)
   em System.Collections.Generic.List`1.ForEach(Action`1 action)
   em AventStack.ExtentReports.Model.Report.NotifyReporters()
   em AventStack.ExtentReports.Model.Report.Flush()
   em AventStack.ExtentReports.ExtentReports.Flush()
   em SeleniumGridTest.AdvancedReport.Reporter.GenerateReport() na C:\Users\ramon\source\repos\SeleniumGridTest\SeleniumGridTest\AdvancedReport\Reporter.cs:linha 95
   em SeleniumGridTest.UI.Tests.TestBase.BaseTest.TearDownTest() na C:\Users\ramon\source\repos\SeleniumGridTest\SeleniumGridTest.UI.Tests\TestBase\BaseTest.cs:linha 46]]></stack-trace>
                </failure>
                <output><![CDATA[SeleniumGridTest.UI.Tests.Tests.GoogleTestCaseFail.FindGooglePageSuccess6
]]></output>
              </test-case>
            </test-suite>
            <test-suite type="TestFixture" id="0-1000" name="GoogleTestCase" fullname="SeleniumGridTest.UI.Tests.Tests.GoogleTestCase" classname="SeleniumGridTest.UI.Tests.Tests.GoogleTestCase" runstate="Runnable" testcasecount="3" result="Failed" site="Child" start-time="2018-08-03 05:11:21Z" end-time="2018-08-03 05:12:02Z" duration="41.477917" total="3" passed="0" failed="3" warnings="0" inconclusive="0" skipped="0" asserts="3">
              <properties>
                <property name="ParallelScope" value="Self" />
              </properties>
              <failure>
                <message><![CDATA[One or more child tests had errors]]></message>
              </failure>
              <test-case id="0-1001" name="FindGooglePageSuccess1" fullname="SeleniumGridTest.UI.Tests.Tests.GoogleTestCase.FindGooglePageSuccess1" methodname="FindGooglePageSuccess1" classname="SeleniumGridTest.UI.Tests.Tests.GoogleTestCase" runstate="Runnable" seed="1215443432" result="Failed" label="Error" start-time="2018-08-03 05:11:35Z" end-time="2018-08-03 05:11:50Z" duration="15.004867" asserts="1">
                <properties>
                  <property name="Description" value="Desc" />
                  <property name="Category" value="Critical" />
                </properties>
                <failure>
                  <message><![CDATA[TearDown : Microsoft.CSharp.RuntimeBinder.RuntimeBinderException : Não é possível fazer associação em tempo de execução em uma referência nula]]></message>
                  <stack-trace><![CDATA[--TearDown
   em CallSite.Target(Closure , CallSite , Object , String )
   em CompiledRazorTemplates.Dynamic.RazorEngine_4287f0abba3e4318aa9d3b8b9fb089d3.Execute()
   em RazorEngine.Templating.TemplateBase.RazorEngine.Templating.ITemplate.Run(ExecuteContext context, TextWriter reader)
   em CompiledRazorTemplates.Dynamic.RazorEngine_fb0003a95ead468eac633f9a5efacc7f.Execute()
   em RazorEngine.Templating.TemplateBase.RazorEngine.Templating.ITemplate.Run(ExecuteContext context, TextWriter reader)
   em RazorEngine.Templating.RazorEngineService.RunCompile(ITemplateKey key, TextWriter writer, Type modelType, Object model, DynamicViewBag viewBag)
   em RazorEngine.Templating.RazorEngineServiceExtensions.<>c__DisplayClass16_0.<RunCompile>b__0(TextWriter writer)
   em RazorEngine.Templating.RazorEngineServiceExtensions.WithWriter(Action`1 withWriter)
   em AventStack.ExtentReports.Reporter.ExtentHtmlReporter.Flush()
   em AventStack.ExtentReports.Model.Report.<>c.<NotifyReporters>b__29_1(IExtentReporter x)
   em System.Collections.Generic.List`1.ForEach(Action`1 action)
   em AventStack.ExtentReports.Model.Report.NotifyReporters()
   em AventStack.ExtentReports.Model.Report.Flush()
   em AventStack.ExtentReports.ExtentReports.Flush()
   em SeleniumGridTest.AdvancedReport.Reporter.GenerateReport() na C:\Users\ramon\source\repos\SeleniumGridTest\SeleniumGridTest\AdvancedReport\Reporter.cs:linha 95
   em SeleniumGridTest.UI.Tests.TestBase.BaseTest.TearDownTest() na C:\Users\ramon\source\repos\SeleniumGridTest\SeleniumGridTest.UI.Tests\TestBase\BaseTest.cs:linha 46]]></stack-trace>
                </failure>
                <output><![CDATA[SeleniumGridTest.UI.Tests.Tests.GoogleTestCase.FindGooglePageSuccess1
]]></output>
              </test-case>
              <test-case id="0-1002" name="FindGooglePageSuccess2" fullname="SeleniumGridTest.UI.Tests.Tests.GoogleTestCase.FindGooglePageSuccess2" methodname="FindGooglePageSuccess2" classname="SeleniumGridTest.UI.Tests.Tests.GoogleTestCase" runstate="Runnable" seed="1376350971" result="Failed" label="Error" start-time="2018-08-03 05:11:50Z" end-time="2018-08-03 05:11:55Z" duration="5.315818" asserts="1">
                <properties>
                  <property name="Description" value="Desc" />
                  <property name="Category" value="Critical" />
                </properties>
                <failure>
                  <message><![CDATA[TearDown : Microsoft.CSharp.RuntimeBinder.RuntimeBinderException : Não é possível fazer associação em tempo de execução em uma referência nula]]></message>
                  <stack-trace><![CDATA[--TearDown
   em CallSite.Target(Closure , CallSite , Object , String )
   em CompiledRazorTemplates.Dynamic.RazorEngine_4287f0abba3e4318aa9d3b8b9fb089d3.Execute()
   em RazorEngine.Templating.TemplateBase.RazorEngine.Templating.ITemplate.Run(ExecuteContext context, TextWriter reader)
   em CompiledRazorTemplates.Dynamic.RazorEngine_fb0003a95ead468eac633f9a5efacc7f.Execute()
   em RazorEngine.Templating.TemplateBase.RazorEngine.Templating.ITemplate.Run(ExecuteContext context, TextWriter reader)
   em RazorEngine.Templating.RazorEngineService.RunCompile(ITemplateKey key, TextWriter writer, Type modelType, Object model, DynamicViewBag viewBag)
   em RazorEngine.Templating.RazorEngineServiceExtensions.<>c__DisplayClass16_0.<RunCompile>b__0(TextWriter writer)
   em RazorEngine.Templating.RazorEngineServiceExtensions.WithWriter(Action`1 withWriter)
   em AventStack.ExtentReports.Reporter.ExtentHtmlReporter.Flush()
   em AventStack.ExtentReports.Model.Report.<>c.<NotifyReporters>b__29_1(IExtentReporter x)
   em System.Collections.Generic.List`1.ForEach(Action`1 action)
   em AventStack.ExtentReports.Model.Report.NotifyReporters()
   em AventStack.ExtentReports.Model.Report.Flush()
   em AventStack.ExtentReports.ExtentReports.Flush()
   em SeleniumGridTest.AdvancedReport.Reporter.GenerateReport() na C:\Users\ramon\source\repos\SeleniumGridTest\SeleniumGridTest\AdvancedReport\Reporter.cs:linha 95
   em SeleniumGridTest.UI.Tests.TestBase.BaseTest.TearDownTest() na C:\Users\ramon\source\repos\SeleniumGridTest\SeleniumGridTest.UI.Tests\TestBase\BaseTest.cs:linha 46]]></stack-trace>
                </failure>
                <output><![CDATA[SeleniumGridTest.UI.Tests.Tests.GoogleTestCase.FindGooglePageSuccess2
]]></output>
              </test-case>
              <test-case id="0-1003" name="FindGooglePageSuccess3" fullname="SeleniumGridTest.UI.Tests.Tests.GoogleTestCase.FindGooglePageSuccess3" methodname="FindGooglePageSuccess3" classname="SeleniumGridTest.UI.Tests.Tests.GoogleTestCase" runstate="Runnable" seed="3756234" result="Failed" label="Error" start-time="2018-08-03 05:11:55Z" end-time="2018-08-03 05:12:02Z" duration="7.126091" asserts="1">
                <properties>
                  <property name="Description" value="Desc" />
                  <property name="Category" value="Critical" />
                </properties>
                <failure>
                  <message><![CDATA[TearDown : Microsoft.CSharp.RuntimeBinder.RuntimeBinderException : Não é possível fazer associação em tempo de execução em uma referência nula]]></message>
                  <stack-trace><![CDATA[--TearDown
   em CallSite.Target(Closure , CallSite , Object , String )
   em CompiledRazorTemplates.Dynamic.RazorEngine_4287f0abba3e4318aa9d3b8b9fb089d3.Execute()
   em RazorEngine.Templating.TemplateBase.RazorEngine.Templating.ITemplate.Run(ExecuteContext context, TextWriter reader)
   em CompiledRazorTemplates.Dynamic.RazorEngine_fb0003a95ead468eac633f9a5efacc7f.Execute()
   em RazorEngine.Templating.TemplateBase.RazorEngine.Templating.ITemplate.Run(ExecuteContext context, TextWriter reader)
   em RazorEngine.Templating.RazorEngineService.RunCompile(ITemplateKey key, TextWriter writer, Type modelType, Object model, DynamicViewBag viewBag)
   em RazorEngine.Templating.RazorEngineServiceExtensions.<>c__DisplayClass16_0.<RunCompile>b__0(TextWriter writer)
   em RazorEngine.Templating.RazorEngineServiceExtensions.WithWriter(Action`1 withWriter)
   em AventStack.ExtentReports.Reporter.ExtentHtmlReporter.Flush()
   em AventStack.ExtentReports.Model.Report.<>c.<NotifyReporters>b__29_1(IExtentReporter x)
   em System.Collections.Generic.List`1.ForEach(Action`1 action)
   em AventStack.ExtentReports.Model.Report.NotifyReporters()
   em AventStack.ExtentReports.Model.Report.Flush()
   em AventStack.ExtentReports.ExtentReports.Flush()
   em SeleniumGridTest.AdvancedReport.Reporter.GenerateReport() na C:\Users\ramon\source\repos\SeleniumGridTest\SeleniumGridTest\AdvancedReport\Reporter.cs:linha 95
   em SeleniumGridTest.UI.Tests.TestBase.BaseTest.TearDownTest() na C:\Users\ramon\source\repos\SeleniumGridTest\SeleniumGridTest.UI.Tests\TestBase\BaseTest.cs:linha 46]]></stack-trace>
                </failure>
                <output><![CDATA[SeleniumGridTest.UI.Tests.Tests.GoogleTestCase.FindGooglePageSuccess3
]]></output>
              </test-case>
            </test-suite>
          </test-suite>
        </test-suite>
      </test-suite>
    </test-suite>
  </test-suite>
</test-run>